<?xml version="1.0" encoding="UTF-8"?>
<!-- Generated by org.testng.reporters.JUnitReportReporter -->
<testsuite skipped="0" hostname="WinDOWS-PC" name="myapp.mercuryToursDemo" tests="2" failures="0" timestamp="26 Nov 2018 05:03:57 GMT" time="14.067" errors="0">
  <testcase name="Maximize_browser" time="1.334" classname="myapp.mercuryToursDemo"/>
  <testcase name="LoginwithValiddetails" time="12.733" classname="myapp.mercuryToursDemo"/>
</testsuite> <!-- myapp.mercuryToursDemo -->
